<?xml version="1.0" encoding="UTF-8"?>
<testng-results ignored="0" total="1" passed="1" failed="0" skipped="0">
  <reporter-output>
  </reporter-output>
  <suite started-at="2024-10-17T14:37:55 IST" name="Suite" finished-at="2024-10-17T14:37:55 IST" duration-ms="38">
    <groups>
    </groups>
    <test started-at="2024-10-17T14:37:55 IST" name="Test" finished-at="2024-10-17T14:37:55 IST" duration-ms="38">
      <class name="selenium.testng_sample">
        <test-method signature="running()[pri:0, instance:selenium.testng_sample@6c130c45]" started-at="2024-10-17T14:37:55 IST" name="running" finished-at="2024-10-17T14:37:55 IST" duration-ms="9" status="PASS">
          <reporter-output>
          </reporter-output>
        </test-method> <!-- running -->
      </class> <!-- selenium.testng_sample -->
    </test> <!-- Test -->
  </suite> <!-- Suite -->
</testng-results>
